<?xml version="1.0" encoding="UTF-8"?>
<testsuite xmlns:xsi="http://www.w3.org/2001/XMLSchema-instance" xsi:noNamespaceSchemaLocation="https://maven.apache.org/surefire/maven-surefire-plugin/xsd/surefire-test-report-3.0.xsd" version="3.0" name="com.cinema.MovieApi.MovieApiApplicationTests" time="8.733" tests="1" errors="0" skipped="0" failures="0">
  <properties>
[...]
</properties>
  <testcase name="contextLoads" classname="com.cinema.MovieApi.MovieApiApplicationTests" time="0.761">
    <system-out><![CDATA[18:59:46.376 [main] INFO org.springframework.test.context.support.AnnotationConfigContextLoaderUtils -- Could not detect default configuration classes for test class [com.cinema.MovieApi.MovieApiApplicationTests]: MovieApiApplicationTests does not declare any static, non-private, non-final, nested classes annotated with @Configuration.
18:59:46.541 [main] INFO org.springframework.boot.test.context.SpringBootTestContextBootstrapper -- Found @SpringBootConfiguration com.cinema.MovieApiApplication for test class com.cinema.MovieApi.MovieApiApplicationTests

  .   ____          _            __ _ _
 /\\ / ___'_ __ _ _(_)_ __  __ _ \ \ \ \
( ( )\___ | '_ | '_| | '_ \/ _` | \ \ \ \
 \\/  ___)| |_)| | | | | || (_| |  ) ) ) )
  '  |____| .__|_| |_|_| |_\__, | / / / /
 =========|_|==============|___/=/_/_/_/
 :: Spring Boot ::                (v3.2.1)

2025-02-28T18:59:47.209+05:30  INFO 16408 --- [           main] c.c.MovieApi.MovieApiApplicationTests    : Starting MovieApiApplicationTests using Java 18.0.2.1 with PID 16408 (started by bhuva in C:\Users\bhuva\Desktop\tip\Movie_API)
2025-02-28T18:59:47.212+05:30  INFO 16408 --- [           main] c.c.MovieApi.MovieApiApplicationTests    : No active profile set, falling back to 1 default profile: "default"
2025-02-28T18:59:48.319+05:30  INFO 16408 --- [           main] .s.d.r.c.RepositoryConfigurationDelegate : Bootstrapping Spring Data JPA repositories in DEFAULT mode.
2025-02-28T18:59:48.435+05:30  INFO 16408 --- [           main] .s.d.r.c.RepositoryConfigurationDelegate : Finished Spring Data repository scanning in 101 ms. Found 3 JPA repository interfaces.
2025-02-28T18:59:49.304+05:30  INFO 16408 --- [           main] o.hibernate.jpa.internal.util.LogHelper  : HHH000204: Processing PersistenceUnitInfo [name: default]
2025-02-28T18:59:49.436+05:30  INFO 16408 --- [           main] org.hibernate.Version                    : HHH000412: Hibernate ORM core version 6.4.1.Final
2025-02-28T18:59:49.508+05:30  INFO 16408 --- [           main] o.h.c.internal.RegionFactoryInitiator    : HHH000026: Second-level cache disabled
2025-02-28T18:59:49.978+05:30  INFO 16408 --- [           main] o.s.o.j.p.SpringPersistenceUnitInfo      : No LoadTimeWeaver setup: ignoring JPA class transformer
2025-02-28T18:59:50.025+05:30  INFO 16408 --- [           main] com.zaxxer.hikari.HikariDataSource       : HikariPool-1 - Starting...
2025-02-28T18:59:50.710+05:30  INFO 16408 --- [           main] com.zaxxer.hikari.pool.HikariPool        : HikariPool-1 - Added connection com.mysql.cj.jdbc.ConnectionImpl@5f3f3d00
2025-02-28T18:59:50.717+05:30  INFO 16408 --- [           main] com.zaxxer.hikari.HikariDataSource       : HikariPool-1 - Start completed.
2025-02-28T18:59:52.371+05:30  INFO 16408 --- [           main] o.h.e.t.j.p.i.JtaPlatformInitiator       : HHH000489: No JTA platform available (set 'hibernate.transaction.jta.platform' to enable JTA platform integration)
2025-02-28T18:59:52.576+05:30  INFO 16408 --- [           main] j.LocalContainerEntityManagerFactoryBean : Initialized JPA EntityManagerFactory for persistence unit 'default'
2025-02-28T18:59:53.226+05:30  WARN 16408 --- [           main] JpaBaseConfiguration$JpaWebConfiguration : spring.jpa.open-in-view is enabled by default. Therefore, database queries may be performed during view rendering. Explicitly configure spring.jpa.open-in-view to disable this warning
2025-02-28T18:59:53.623+05:30  INFO 16408 --- [           main] o.s.s.web.DefaultSecurityFilterChain     : Will secure any request with [org.springframework.security.web.session.DisableEncodeUrlFilter@4865434e, org.springframework.security.web.context.request.async.WebAsyncManagerIntegrationFilter@3c6e407, org.springframework.security.web.context.SecurityContextHolderFilter@1644cc2d, org.springframework.security.web.header.HeaderWriterFilter@7842260f, org.springframework.web.filter.CorsFilter@287dde94, org.springframework.security.web.authentication.logout.LogoutFilter@18356d9e, com.cinema.auth.service.AuthFilterService@397f925e, org.springframework.security.web.savedrequest.RequestCacheAwareFilter@162a5c4c, org.springframework.security.web.servletapi.SecurityContextHolderAwareRequestFilter@5f0bf0ed, org.springframework.security.web.authentication.AnonymousAuthenticationFilter@2f650dae, org.springframework.security.web.session.SessionManagementFilter@4c7b4a31, org.springframework.security.web.access.ExceptionTranslationFilter@7a085d02, org.springframework.security.web.access.intercept.AuthorizationFilter@d98ce13]
2025-02-28T18:59:54.024+05:30  INFO 16408 --- [           main] c.c.MovieApi.MovieApiApplicationTests    : Started MovieApiApplicationTests in 7.199 seconds (process running for 8.819)
]]></system-out>
  </testcase>
</testsuite>